Flow report for EU
Mon Nov 15 13:19:40 2021
Quartus Prime Version 20.1.1 Build 720 11/11/2020 SJ Lite Edition


---------------------
; Table of Contents ;
---------------------
  1. Legal Notice
  2. Flow Summary
  3. Flow Settings
  4. Flow Non-Default Global Settings
  5. Flow Elapsed Time
  6. Flow OS Summary
  7. Flow Log
  8. Flow Messages
  9. Flow Suppressed Messages



----------------
; Legal Notice ;
----------------
Copyright (C) 2020  Intel Corporation. All rights reserved.
Your use of Intel Corporation's design tools, logic functions 
and other software and tools, and any partner logic 
functions, and any output files from any of the foregoing 
(including device programming or simulation files), and any 
associated documentation or information are expressly subject 
to the terms and conditions of the Intel Program License 
Subscription Agreement, the Intel Quartus Prime License Agreement,
the Intel FPGA IP License Agreement, or other applicable license
agreement, including, without limitation, that your use is for
the sole purpose of programming logic devices manufactured by
Intel and sold by Intel or its authorized distributors.  Please
refer to the applicable agreement for further details, at
https://fpgasoftware.intel.com/eula.



+-------------------------------------------------------------------------------+
; Flow Summary                                                                  ;
+---------------------------------+---------------------------------------------+
; Flow Status                     ; Successful - Mon Nov 15 13:19:40 2021       ;
; Quartus Prime Version           ; 20.1.1 Build 720 11/11/2020 SJ Lite Edition ;
; Revision Name                   ; EU                                          ;
; Top-level Entity Name           ; Eu                                          ;
; Family                          ; Cyclone V                                   ;
; Device                          ; 5CSEMA5F31C6                                ;
; Timing Models                   ; Final                                       ;
; Logic utilization (in ALMs)     ; 15 / 32,070 ( < 1 % )                       ;
; Total registers                 ; 12                                          ;
; Total pins                      ; 28 / 457 ( 6 % )                            ;
; Total virtual pins              ; 0                                           ;
; Total block memory bits         ; 0 / 4,065,280 ( 0 % )                       ;
; Total DSP Blocks                ; 0 / 87 ( 0 % )                              ;
; Total HSSI RX PCSs              ; 0                                           ;
; Total HSSI PMA RX Deserializers ; 0                                           ;
; Total HSSI TX PCSs              ; 0                                           ;
; Total HSSI PMA TX Serializers   ; 0                                           ;
; Total PLLs                      ; 0 / 6 ( 0 % )                               ;
; Total DLLs                      ; 0 / 4 ( 0 % )                               ;
+---------------------------------+---------------------------------------------+


+-----------------------------------------+
; Flow Settings                           ;
+-------------------+---------------------+
; Option            ; Setting             ;
+-------------------+---------------------+
; Start date & time ; 10/31/2021 23:04:16 ;
; Main task         ; Compilation         ;
; Revision Name     ; EU                  ;
+-------------------+---------------------+


+-------------------------------------------------------------------------------------------------------------------------+
; Flow Non-Default Global Settings                                                                                        ;
+-------------------------------------+----------------------------------------+---------------+-------------+------------+
; Assignment Name                     ; Value                                  ; Default Value ; Entity Name ; Section Id ;
+-------------------------------------+----------------------------------------+---------------+-------------+------------+
; COMPILER_SIGNATURE_ID               ; 202898071898680.163571425545036        ; --            ; --          ; --         ;
; MAX_CORE_JUNCTION_TEMP              ; 85                                     ; --            ; --          ; --         ;
; MIN_CORE_JUNCTION_TEMP              ; 0                                      ; --            ; --          ; --         ;
; PARTITION_COLOR                     ; -- (Not supported for targeted family) ; --            ; Eu          ; Top        ;
; PARTITION_FITTER_PRESERVATION_LEVEL ; -- (Not supported for targeted family) ; --            ; Eu          ; Top        ;
; PARTITION_NETLIST_TYPE              ; -- (Not supported for targeted family) ; --            ; Eu          ; Top        ;
; POWER_BOARD_THERMAL_MODEL           ; None (CONSERVATIVE)                    ; --            ; --          ; --         ;
; POWER_PRESET_COOLING_SOLUTION       ; 23 MM HEAT SINK WITH 200 LFPM AIRFLOW  ; --            ; --          ; --         ;
; PROJECT_OUTPUT_DIRECTORY            ; output_files                           ; --            ; --          ; --         ;
+-------------------------------------+----------------------------------------+---------------+-------------+------------+


+--------------------------------------------------------------------------------------------------------------------------+
; Flow Elapsed Time                                                                                                        ;
+----------------------+--------------+-------------------------+---------------------+------------------------------------+
; Module Name          ; Elapsed Time ; Average Processors Used ; Peak Virtual Memory ; Total CPU Time (on all processors) ;
+----------------------+--------------+-------------------------+---------------------+------------------------------------+
; Analysis & Synthesis ; 00:00:22     ; 1.0                     ; 4790 MB             ; 00:00:49                           ;
; Fitter               ; 00:02:07     ; 1.0                     ; 6180 MB             ; 00:03:42                           ;
; Assembler            ; 00:00:18     ; 1.0                     ; 4837 MB             ; 00:00:14                           ;
; Timing Analyzer      ; 00:00:13     ; 1.0                     ; 5110 MB             ; 00:00:10                           ;
; EDA Netlist Writer   ; 00:00:02     ; 1.0                     ; 4715 MB             ; 00:00:02                           ;
; EDA Netlist Writer   ; 00:00:04     ; 1.0                     ; 4722 MB             ; 00:00:02                           ;
; EDA Netlist Writer   ; 00:00:02     ; 1.0                     ; 4714 MB             ; 00:00:02                           ;
; EDA Netlist Writer   ; 00:00:02     ; 1.0                     ; 4722 MB             ; 00:00:02                           ;
; EDA Netlist Writer   ; 00:00:02     ; 1.0                     ; 4714 MB             ; 00:00:02                           ;
; EDA Netlist Writer   ; 00:00:03     ; 1.0                     ; 4722 MB             ; 00:00:02                           ;
; EDA Netlist Writer   ; 00:00:02     ; 1.0                     ; 4714 MB             ; 00:00:02                           ;
; EDA Netlist Writer   ; 00:00:02     ; 1.0                     ; 4722 MB             ; 00:00:02                           ;
; EDA Netlist Writer   ; 00:00:03     ; 1.0                     ; 4714 MB             ; 00:00:02                           ;
; EDA Netlist Writer   ; 00:00:03     ; 1.0                     ; 4722 MB             ; 00:00:02                           ;
; EDA Netlist Writer   ; 00:00:04     ; 1.0                     ; 4714 MB             ; 00:00:03                           ;
; EDA Netlist Writer   ; 00:00:04     ; 1.0                     ; 4722 MB             ; 00:00:02                           ;
; EDA Netlist Writer   ; 00:00:08     ; 1.0                     ; 4714 MB             ; 00:00:03                           ;
; EDA Netlist Writer   ; 00:00:02     ; 1.0                     ; 4714 MB             ; 00:00:02                           ;
; EDA Netlist Writer   ; 00:00:02     ; 1.0                     ; 4715 MB             ; 00:00:02                           ;
; EDA Netlist Writer   ; 00:00:04     ; 1.0                     ; 4722 MB             ; 00:00:02                           ;
; EDA Netlist Writer   ; 00:00:06     ; 1.0                     ; 4714 MB             ; 00:00:03                           ;
; EDA Netlist Writer   ; 00:00:03     ; 1.0                     ; 4722 MB             ; 00:00:02                           ;
; EDA Netlist Writer   ; 00:00:02     ; 1.0                     ; 4714 MB             ; 00:00:02                           ;
; EDA Netlist Writer   ; 00:00:02     ; 1.0                     ; 4722 MB             ; 00:00:02                           ;
; EDA Netlist Writer   ; 00:00:08     ; 1.0                     ; 4714 MB             ; 00:00:02                           ;
; EDA Netlist Writer   ; 00:00:04     ; 1.0                     ; 4722 MB             ; 00:00:02                           ;
; EDA Netlist Writer   ; 00:00:07     ; 1.0                     ; 4714 MB             ; 00:00:03                           ;
; EDA Netlist Writer   ; 00:00:05     ; 1.0                     ; 4722 MB             ; 00:00:03                           ;
; EDA Netlist Writer   ; 00:00:02     ; 1.0                     ; 4714 MB             ; 00:00:02                           ;
; EDA Netlist Writer   ; 00:00:02     ; 1.0                     ; 4722 MB             ; 00:00:02                           ;
; EDA Netlist Writer   ; 00:00:02     ; 1.0                     ; 4714 MB             ; 00:00:02                           ;
; EDA Netlist Writer   ; 00:00:02     ; 1.0                     ; 4722 MB             ; 00:00:02                           ;
; EDA Netlist Writer   ; 00:00:06     ; 1.0                     ; 4714 MB             ; 00:00:03                           ;
; EDA Netlist Writer   ; 00:00:05     ; 1.0                     ; 4722 MB             ; 00:00:03                           ;
; Total                ; 00:04:45     ; --                      ; --                  ; 00:06:02                           ;
+----------------------+--------------+-------------------------+---------------------+------------------------------------+


+------------------------------------------------------------------------------------+
; Flow OS Summary                                                                    ;
+----------------------+------------------+------------+------------+----------------+
; Module Name          ; Machine Hostname ; OS Name    ; OS Version ; Processor type ;
+----------------------+------------------+------------+------------+----------------+
; Analysis & Synthesis ; DESKTOP-HT5D9DF  ; Windows 10 ; 10.0       ; x86_64         ;
; Fitter               ; DESKTOP-HT5D9DF  ; Windows 10 ; 10.0       ; x86_64         ;
; Assembler            ; DESKTOP-HT5D9DF  ; Windows 10 ; 10.0       ; x86_64         ;
; Timing Analyzer      ; DESKTOP-HT5D9DF  ; Windows 10 ; 10.0       ; x86_64         ;
; EDA Netlist Writer   ; DESKTOP-HT5D9DF  ; Windows 10 ; 10.0       ; x86_64         ;
; EDA Netlist Writer   ; DESKTOP-HT5D9DF  ; Windows 10 ; 10.0       ; x86_64         ;
; EDA Netlist Writer   ; DESKTOP-HT5D9DF  ; Windows 10 ; 10.0       ; x86_64         ;
; EDA Netlist Writer   ; DESKTOP-HT5D9DF  ; Windows 10 ; 10.0       ; x86_64         ;
; EDA Netlist Writer   ; DESKTOP-HT5D9DF  ; Windows 10 ; 10.0       ; x86_64         ;
; EDA Netlist Writer   ; DESKTOP-HT5D9DF  ; Windows 10 ; 10.0       ; x86_64         ;
; EDA Netlist Writer   ; DESKTOP-HT5D9DF  ; Windows 10 ; 10.0       ; x86_64         ;
; EDA Netlist Writer   ; DESKTOP-HT5D9DF  ; Windows 10 ; 10.0       ; x86_64         ;
; EDA Netlist Writer   ; DESKTOP-HT5D9DF  ; Windows 10 ; 10.0       ; x86_64         ;
; EDA Netlist Writer   ; DESKTOP-HT5D9DF  ; Windows 10 ; 10.0       ; x86_64         ;
; EDA Netlist Writer   ; DESKTOP-HT5D9DF  ; Windows 10 ; 10.0       ; x86_64         ;
; EDA Netlist Writer   ; DESKTOP-HT5D9DF  ; Windows 10 ; 10.0       ; x86_64         ;
; EDA Netlist Writer   ; DESKTOP-HT5D9DF  ; Windows 10 ; 10.0       ; x86_64         ;
; EDA Netlist Writer   ; DESKTOP-HT5D9DF  ; Windows 10 ; 10.0       ; x86_64         ;
; EDA Netlist Writer   ; DESKTOP-HT5D9DF  ; Windows 10 ; 10.0       ; x86_64         ;
; EDA Netlist Writer   ; DESKTOP-HT5D9DF  ; Windows 10 ; 10.0       ; x86_64         ;
; EDA Netlist Writer   ; DESKTOP-HT5D9DF  ; Windows 10 ; 10.0       ; x86_64         ;
; EDA Netlist Writer   ; DESKTOP-HT5D9DF  ; Windows 10 ; 10.0       ; x86_64         ;
; EDA Netlist Writer   ; DESKTOP-HT5D9DF  ; Windows 10 ; 10.0       ; x86_64         ;
; EDA Netlist Writer   ; DESKTOP-HT5D9DF  ; Windows 10 ; 10.0       ; x86_64         ;
; EDA Netlist Writer   ; DESKTOP-HT5D9DF  ; Windows 10 ; 10.0       ; x86_64         ;
; EDA Netlist Writer   ; DESKTOP-HT5D9DF  ; Windows 10 ; 10.0       ; x86_64         ;
; EDA Netlist Writer   ; DESKTOP-HT5D9DF  ; Windows 10 ; 10.0       ; x86_64         ;
; EDA Netlist Writer   ; DESKTOP-HT5D9DF  ; Windows 10 ; 10.0       ; x86_64         ;
; EDA Netlist Writer   ; DESKTOP-HT5D9DF  ; Windows 10 ; 10.0       ; x86_64         ;
; EDA Netlist Writer   ; DESKTOP-HT5D9DF  ; Windows 10 ; 10.0       ; x86_64         ;
; EDA Netlist Writer   ; DESKTOP-HT5D9DF  ; Windows 10 ; 10.0       ; x86_64         ;
; EDA Netlist Writer   ; DESKTOP-HT5D9DF  ; Windows 10 ; 10.0       ; x86_64         ;
; EDA Netlist Writer   ; DESKTOP-HT5D9DF  ; Windows 10 ; 10.0       ; x86_64         ;
; EDA Netlist Writer   ; DESKTOP-HT5D9DF  ; Windows 10 ; 10.0       ; x86_64         ;
+----------------------+------------------+------------+------------+----------------+


------------
; Flow Log ;
------------
quartus_map --read_settings_files=on --write_settings_files=off EU -c EU
quartus_fit --read_settings_files=off --write_settings_files=off EU -c EU
quartus_asm --read_settings_files=off --write_settings_files=off EU -c EU
quartus_sta EU -c EU
quartus_eda --gen_testbench --tool=modelsim_oem --format=verilog --write_settings_files=off EU -c EU --vector_source="D:/Astudy/second year/first term/micro processor/assignments/final EU/Waveform3.vwf" --testbench_file="D:/Astudy/second year/first term/micro processor/assignments/final EU/simulation/qsim/Waveform3.vwf.vt"
quartus_eda --write_settings_files=off --simulation=on --functional=on --flatten_buses=off --tool=modelsim_oem --format=verilog --output_directory="D:/Astudy/second year/first term/micro processor/assignments/final EU/simulation/qsim/" EU -c EU
quartus_eda --gen_testbench --tool=modelsim_oem --format=verilog --write_settings_files=off EU -c EU --vector_source="D:/Astudy/second year/first term/micro processor/assignments/final EU/Waveform3.vwf" --testbench_file="D:/Astudy/second year/first term/micro processor/assignments/final EU/simulation/qsim/Waveform3.vwf.vt"
quartus_eda --write_settings_files=off --simulation=on --functional=on --flatten_buses=off --tool=modelsim_oem --format=verilog --output_directory="D:/Astudy/second year/first term/micro processor/assignments/final EU/simulation/qsim/" EU -c EU
quartus_eda --gen_testbench --tool=modelsim_oem --format=verilog --write_settings_files=off EU -c EU --vector_source="D:/Astudy/second year/first term/micro processor/assignments/final EU/Waveform3.vwf" --testbench_file="D:/Astudy/second year/first term/micro processor/assignments/final EU/simulation/qsim/Waveform3.vwf.vt"
quartus_eda --write_settings_files=off --simulation=on --functional=on --flatten_buses=off --tool=modelsim_oem --format=verilog --output_directory="D:/Astudy/second year/first term/micro processor/assignments/final EU/simulation/qsim/" EU -c EU
quartus_eda --gen_testbench --tool=modelsim_oem --format=verilog --write_settings_files=off EU -c EU --vector_source="D:/Astudy/second year/first term/micro processor/assignments/final EU/Waveform4.vwf" --testbench_file="D:/Astudy/second year/first term/micro processor/assignments/final EU/simulation/qsim/Waveform4.vwf.vt"
quartus_eda --write_settings_files=off --simulation=on --functional=on --flatten_buses=off --tool=modelsim_oem --format=verilog --output_directory="D:/Astudy/second year/first term/micro processor/assignments/final EU/simulation/qsim/" EU -c EU
quartus_eda --gen_testbench --tool=modelsim_oem --format=verilog --write_settings_files=off EU -c EU --vector_source="D:/Astudy/second year/first term/micro processor/assignments/final EU/Waveform4.vwf" --testbench_file="D:/Astudy/second year/first term/micro processor/assignments/final EU/simulation/qsim/Waveform4.vwf.vt"
quartus_eda --write_settings_files=off --simulation=on --functional=on --flatten_buses=off --tool=modelsim_oem --format=verilog --output_directory="D:/Astudy/second year/first term/micro processor/assignments/final EU/simulation/qsim/" EU -c EU
quartus_eda --gen_testbench --tool=modelsim_oem --format=verilog --write_settings_files=off EU -c EU --vector_source="D:/Astudy/second year/first term/micro processor/assignments/final EU/Waveform4.vwf" --testbench_file="D:/Astudy/second year/first term/micro processor/assignments/final EU/simulation/qsim/Waveform4.vwf.vt"
quartus_eda --write_settings_files=off --simulation=on --functional=on --flatten_buses=off --tool=modelsim_oem --format=verilog --output_directory="D:/Astudy/second year/first term/micro processor/assignments/final EU/simulation/qsim/" EU -c EU
quartus_eda --gen_testbench --tool=modelsim_oem --format=verilog --write_settings_files=off EU -c EU --vector_source="D:/Astudy/second year/first term/micro processor/assignments/final EU/Waveform4.vwf" --testbench_file="D:/Astudy/second year/first term/micro processor/assignments/final EU/simulation/qsim/Waveform4.vwf.vt"
quartus_eda --gen_testbench --tool=modelsim_oem --format=verilog --write_settings_files=off EU -c EU --vector_source="D:/Astudy/second year/first term/micro processor/assignments/final EU/Waveform4.vwf" --testbench_file="D:/Astudy/second year/first term/micro processor/assignments/final EU/simulation/qsim/Waveform4.vwf.vt"
quartus_eda --gen_testbench --tool=modelsim_oem --format=verilog --write_settings_files=off EU -c EU --vector_source="D:/Astudy/second year/first term/micro processor/assignments/final EU/Waveform4.vwf" --testbench_file="D:/Astudy/second year/first term/micro processor/assignments/final EU/simulation/qsim/Waveform4.vwf.vt"
quartus_eda --write_settings_files=off --simulation=on --functional=on --flatten_buses=off --tool=modelsim_oem --format=verilog --output_directory="D:/Astudy/second year/first term/micro processor/assignments/final EU/simulation/qsim/" EU -c EU
quartus_eda --gen_testbench --tool=modelsim_oem --format=verilog --write_settings_files=off EU -c EU --vector_source="D:/Astudy/second year/first term/micro processor/assignments/final EU/Waveform4.vwf" --testbench_file="D:/Astudy/second year/first term/micro processor/assignments/final EU/simulation/qsim/Waveform4.vwf.vt"
quartus_eda --write_settings_files=off --simulation=on --functional=on --flatten_buses=off --tool=modelsim_oem --format=verilog --output_directory="D:/Astudy/second year/first term/micro processor/assignments/final EU/simulation/qsim/" EU -c EU
quartus_eda --gen_testbench --tool=modelsim_oem --format=verilog --write_settings_files=off EU -c EU --vector_source="D:/Astudy/second year/first term/micro processor/assignments/final EU/Waveform4.vwf" --testbench_file="D:/Astudy/second year/first term/micro processor/assignments/final EU/simulation/qsim/Waveform4.vwf.vt"
quartus_eda --write_settings_files=off --simulation=on --functional=on --flatten_buses=off --tool=modelsim_oem --format=verilog --output_directory="D:/Astudy/second year/first term/micro processor/assignments/final EU/simulation/qsim/" EU -c EU
quartus_eda --gen_testbench --tool=modelsim_oem --format=verilog --write_settings_files=off EU -c EU --vector_source="D:/Astudy/second year/first term/micro processor/assignments/final EU/Waveform4.vwf" --testbench_file="D:/Astudy/second year/first term/micro processor/assignments/final EU/simulation/qsim/Waveform4.vwf.vt"
quartus_eda --write_settings_files=off --simulation=on --functional=on --flatten_buses=off --tool=modelsim_oem --format=verilog --output_directory="D:/Astudy/second year/first term/micro processor/assignments/final EU/simulation/qsim/" EU -c EU
quartus_eda --gen_testbench --tool=modelsim_oem --format=verilog --write_settings_files=off EU -c EU --vector_source="D:/Astudy/second year/first term/micro processor/assignments/final EU/Waveform4.vwf" --testbench_file="D:/Astudy/second year/first term/micro processor/assignments/final EU/simulation/qsim/Waveform4.vwf.vt"
quartus_eda --write_settings_files=off --simulation=on --functional=on --flatten_buses=off --tool=modelsim_oem --format=verilog --output_directory="D:/Astudy/second year/first term/micro processor/assignments/final EU/simulation/qsim/" EU -c EU
quartus_eda --gen_testbench --tool=modelsim_oem --format=verilog --write_settings_files=off EU -c EU --vector_source="D:/Astudy/second year/first term/micro processor/assignments/final EU/Waveform4.vwf" --testbench_file="D:/Astudy/second year/first term/micro processor/assignments/final EU/simulation/qsim/Waveform4.vwf.vt"
quartus_eda --write_settings_files=off --simulation=on --functional=on --flatten_buses=off --tool=modelsim_oem --format=verilog --output_directory="D:/Astudy/second year/first term/micro processor/assignments/final EU/simulation/qsim/" EU -c EU
quartus_eda --gen_testbench --tool=modelsim_oem --format=verilog --write_settings_files=off EU -c EU --vector_source="D:/Astudy/second year/first term/micro processor/assignments/final EU/Waveform4.vwf" --testbench_file="D:/Astudy/second year/first term/micro processor/assignments/final EU/simulation/qsim/Waveform4.vwf.vt"
quartus_eda --write_settings_files=off --simulation=on --functional=on --flatten_buses=off --tool=modelsim_oem --format=verilog --output_directory="D:/Astudy/second year/first term/micro processor/assignments/final EU/simulation/qsim/" EU -c EU
quartus_eda --gen_testbench --tool=modelsim_oem --format=verilog --write_settings_files=off EU -c EU --vector_source="D:/Astudy/second year/first term/micro processor/assignments/final EU/Waveform4.vwf" --testbench_file="D:/Astudy/second year/first term/micro processor/assignments/final EU/simulation/qsim/Waveform4.vwf.vt"
quartus_eda --write_settings_files=off --simulation=on --functional=on --flatten_buses=off --tool=modelsim_oem --format=verilog --output_directory="D:/Astudy/second year/first term/micro processor/assignments/final EU/simulation/qsim/" EU -c EU



